"is_built_lib_batteries.optparse" "true"
"built_lib_batteries.optparse" "/Users/rgrinberg/reps/batteries-optparse/_build/lib/batteries.optparse.cma"
"built_lib_batteries.optparse" "/Users/rgrinberg/reps/batteries-optparse/_build/lib/batteries.optparse.cmxa"
"built_lib_batteries.optparse" "/Users/rgrinberg/reps/batteries-optparse/_build/lib/batteries.optparse.a"
"built_lib_batteries.optparse" "/Users/rgrinberg/reps/batteries-optparse/_build/lib/batteries.optparse.cmxs"
"built_lib_batteries.optparse" "/Users/rgrinberg/reps/batteries-optparse/_build/lib/batOptParse.cmi"
"built_lib_batteries.optparse" "/Users/rgrinberg/reps/batteries-optparse/_build/lib/batOptParse.cmx"
"is_built_lib_batteries.optparse" "true"
"built_lib_batteries.optparse" "/Users/rgrinberg/reps/batteries-optparse/_build/lib/batteries.optparse.cma"
"built_lib_batteries.optparse" "/Users/rgrinberg/reps/batteries-optparse/_build/lib/batteries.optparse.cmxa"
"built_lib_batteries.optparse" "/Users/rgrinberg/reps/batteries-optparse/_build/lib/batteries.optparse.a"
"built_lib_batteries.optparse" "/Users/rgrinberg/reps/batteries-optparse/_build/lib/batteries.optparse.cmxs"
"built_lib_batteries.optparse" "/Users/rgrinberg/reps/batteries-optparse/_build/lib/batOptParse.cmi"
"built_lib_batteries.optparse" "/Users/rgrinberg/reps/batteries-optparse/_build/lib/batOptParse.cmx"
"is_built_lib_batteries.optparse" "true"
"built_lib_batteries.optparse" "/Users/rgrinberg/reps/batteries-optparse/_build/lib/batteries.optparse.cma"
"built_lib_batteries.optparse" "/Users/rgrinberg/reps/batteries-optparse/_build/lib/batteries.optparse.cmxa"
"built_lib_batteries.optparse" "/Users/rgrinberg/reps/batteries-optparse/_build/lib/batteries.optparse.a"
"built_lib_batteries.optparse" "/Users/rgrinberg/reps/batteries-optparse/_build/lib/batteries.optparse.cmxs"
"built_lib_batteries.optparse" "/Users/rgrinberg/reps/batteries-optparse/_build/lib/batOptParse.cmi"
"built_lib_batteries.optparse" "/Users/rgrinberg/reps/batteries-optparse/_build/lib/batOptParse.cmx"
"is_built_exec_test_routes" "true"
"built_exec_test_routes" "/Users/rgrinberg/reps/batteries-optparse/_build/lib_test/test_optparse.native"
"is_built_lib_batteries.optparse" "true"
"built_lib_batteries.optparse" "/Users/rgrinberg/reps/batteries-optparse/_build/lib/batteries.optparse.cma"
"built_lib_batteries.optparse" "/Users/rgrinberg/reps/batteries-optparse/_build/lib/batteries.optparse.cmxa"
"built_lib_batteries.optparse" "/Users/rgrinberg/reps/batteries-optparse/_build/lib/batteries.optparse.a"
"built_lib_batteries.optparse" "/Users/rgrinberg/reps/batteries-optparse/_build/lib/batteries.optparse.cmxs"
"built_lib_batteries.optparse" "/Users/rgrinberg/reps/batteries-optparse/_build/lib/batOptParse.cmi"
"built_lib_batteries.optparse" "/Users/rgrinberg/reps/batteries-optparse/_build/lib/batOptParse.cmx"
"is_built_exec_test_routes" "true"
"built_exec_test_routes" "/Users/rgrinberg/reps/batteries-optparse/_build/lib_test/test_optparse.native"
"is_built_lib_batteries.optparse" "true"
"built_lib_batteries.optparse" "/Users/rgrinberg/reps/batteries-optparse/_build/lib/batteries.optparse.cma"
"built_lib_batteries.optparse" "/Users/rgrinberg/reps/batteries-optparse/_build/lib/batteries.optparse.cmxa"
"built_lib_batteries.optparse" "/Users/rgrinberg/reps/batteries-optparse/_build/lib/batteries.optparse.a"
"built_lib_batteries.optparse" "/Users/rgrinberg/reps/batteries-optparse/_build/lib/batteries.optparse.cmxs"
"built_lib_batteries.optparse" "/Users/rgrinberg/reps/batteries-optparse/_build/lib/batOptParse.cmi"
"built_lib_batteries.optparse" "/Users/rgrinberg/reps/batteries-optparse/_build/lib/batOptParse.cmx"
"is_built_exec_test_routes" "true"
"built_exec_test_routes" "/Users/rgrinberg/reps/batteries-optparse/_build/lib_test/test_optparse.native"
"is_built_lib_batteries.optparse" "true"
"built_lib_batteries.optparse" "/Users/rgrinberg/reps/batteries-optparse/_build/lib/batteries.optparse.cma"
"built_lib_batteries.optparse" "/Users/rgrinberg/reps/batteries-optparse/_build/lib/batteries.optparse.cmxa"
"built_lib_batteries.optparse" "/Users/rgrinberg/reps/batteries-optparse/_build/lib/batteries.optparse.a"
"built_lib_batteries.optparse" "/Users/rgrinberg/reps/batteries-optparse/_build/lib/batteries.optparse.cmxs"
"built_lib_batteries.optparse" "/Users/rgrinberg/reps/batteries-optparse/_build/lib/batOptParse.cmi"
"built_lib_batteries.optparse" "/Users/rgrinberg/reps/batteries-optparse/_build/lib/batOptParse.cmx"
"is_built_exec_test_optparse" "true"
"built_exec_test_optparse" "/Users/rgrinberg/reps/batteries-optparse/_build/lib_test/test_optparse.native"
